# JRE version: Java(TM) SE Runtime Environment (8.0_221-b11) (build 1.8.0_221-b11)
# Java VM: Java HotSpot(TM) 64-Bit Server VM (25.221-b11 mixed mode linux-amd64 compressed oops)
Heap:
 PSYoungGen      total 139776K, used 11648K [0x00000000d6d80000, 0x00000000e0680000, 0x0000000100000000)
  eden space 124416K, 0% used [0x00000000d6d80000,0x00000000d6d80000,0x00000000de700000)
  from space 15360K, 75% used [0x00000000de700000,0x00000000df260050,0x00000000df600000)
  to   space 13824K, 0% used [0x00000000df600000,0x00000000df600000,0x00000000e0380000)
 ParOldGen       total 84992K, used 20079K [0x0000000084800000, 0x0000000089b00000, 0x00000000d6d80000)
  object space 84992K, 23% used [0x0000000084800000,0x0000000085b9bc60,0x0000000089b00000)
 Metaspace       used 20515K, capacity 21074K, committed 21248K, reserved 1069056K
  class space    used 2331K, capacity 2535K, committed 2560K, reserved 1048576K
GC Heap History (10 events):
Event: 120.867 GC heap after
Heap after GC invocations=4 (full 0):
 PSYoungGen      total 36864K, used 5088K [0x00000000d6d80000, 0x00000000d9680000, 0x0000000100000000)
  eden space 31744K, 0% used [0x00000000d6d80000,0x00000000d6d80000,0x00000000d8c80000)
  from space 5120K, 99% used [0x00000000d9180000,0x00000000d9678020,0x00000000d9680000)
  to   space 5120K, 0% used [0x00000000d8c80000,0x00000000d8c80000,0x00000000d9180000)
 ParOldGen       total 84992K, used 7339K [0x0000000084800000, 0x0000000089b00000, 0x00000000d6d80000)
  object space 84992K, 8% used [0x0000000084800000,0x0000000084f2aed8,0x0000000089b00000)
 Metaspace       used 15404K, capacity 15644K, committed 15872K, reserved 1062912K
  class space    used 1875K, capacity 1975K, committed 2048K, reserved 1048576K
}
Event: 122.119 GC heap before
{Heap before GC invocations=5 (full 0):
 PSYoungGen      total 36864K, used 36832K [0x00000000d6d80000, 0x00000000d9680000, 0x0000000100000000)
  eden space 31744K, 100% used [0x00000000d6d80000,0x00000000d8c80000,0x00000000d8c80000)
  from space 5120K, 99% used [0x00000000d9180000,0x00000000d9678020,0x00000000d9680000)
  to   space 5120K, 0% used [0x00000000d8c80000,0x00000000d8c80000,0x00000000d9180000)
 ParOldGen       total 84992K, used 7339K [0x0000000084800000, 0x0000000089b00000, 0x00000000d6d80000)
  object space 84992K, 8% used [0x0000000084800000,0x0000000084f2aed8,0x0000000089b00000)
 Metaspace       used 15728K, capacity 15964K, committed 16128K, reserved 1062912K
  class space    used 1894K, capacity 1975K, committed 2048K, reserved 1048576K
Event: 122.174 GC heap after
Heap after GC invocations=5 (full 0):
 PSYoungGen      total 36864K, used 5104K [0x00000000d6d80000, 0x00000000dc080000, 0x0000000100000000)
  eden space 31744K, 0% used [0x00000000d6d80000,0x00000000d6d80000,0x00000000d8c80000)
  from space 5120K, 99% used [0x00000000d8c80000,0x00000000d917c030,0x00000000d9180000)
  to   space 10752K, 0% used [0x00000000db600000,0x00000000db600000,0x00000000dc080000)
 ParOldGen       total 84992K, used 11127K [0x0000000084800000, 0x0000000089b00000, 0x00000000d6d80000)
  object space 84992K, 13% used [0x0000000084800000,0x00000000852ddcd0,0x0000000089b00000)
 Metaspace       used 15728K, capacity 15964K, committed 16128K, reserved 1062912K
  class space    used 1894K, capacity 1975K, committed 2048K, reserved 1048576K
}
Event: 123.212 GC heap before
{Heap before GC invocations=6 (full 0):
 PSYoungGen      total 36864K, used 36848K [0x00000000d6d80000, 0x00000000dc080000, 0x0000000100000000)
  eden space 31744K, 100% used [0x00000000d6d80000,0x00000000d8c80000,0x00000000d8c80000)
  from space 5120K, 99% used [0x00000000d8c80000,0x00000000d917c030,0x00000000d9180000)
  to   space 10752K, 0% used [0x00000000db600000,0x00000000db600000,0x00000000dc080000)
 ParOldGen       total 84992K, used 11127K [0x0000000084800000, 0x0000000089b00000, 0x00000000d6d80000)
  object space 84992K, 13% used [0x0000000084800000,0x00000000852ddcd0,0x0000000089b00000)
 Metaspace       used 15908K, capacity 16204K, committed 16384K, reserved 1062912K
  class space    used 1908K, capacity 2009K, committed 2048K, reserved 1048576K
Event: 123.278 GC heap after
Heap after GC invocations=6 (full 0):
 PSYoungGen      total 73728K, used 8991K [0x00000000d6d80000, 0x00000000dc180000, 0x0000000100000000)
  eden space 62976K, 0% used [0x00000000d6d80000,0x00000000d6d80000,0x00000000dab00000)
  from space 10752K, 83% used [0x00000000db600000,0x00000000dbec7f08,0x00000000dc080000)
  to   space 11264K, 0% used [0x00000000dab00000,0x00000000dab00000,0x00000000db600000)
 ParOldGen       total 84992K, used 11127K [0x0000000084800000, 0x0000000089b00000, 0x00000000d6d80000)
  object space 84992K, 13% used [0x0000000084800000,0x00000000852ddcd0,0x0000000089b00000)
 Metaspace       used 15908K, capacity 16204K, committed 16384K, reserved 1062912K
  class space    used 1908K, capacity 2009K, committed 2048K, reserved 1048576K
}
Event: 124.881 GC heap before
{Heap before GC invocations=7 (full 0):
 PSYoungGen      total 73728K, used 71967K [0x00000000d6d80000, 0x00000000dc180000, 0x0000000100000000)
  eden space 62976K, 100% used [0x00000000d6d80000,0x00000000dab00000,0x00000000dab00000)
  from space 10752K, 83% used [0x00000000db600000,0x00000000dbec7f08,0x00000000dc080000)
  to   space 11264K, 0% used [0x00000000dab00000,0x00000000dab00000,0x00000000db600000)
 ParOldGen       total 84992K, used 11127K [0x0000000084800000, 0x0000000089b00000, 0x00000000d6d80000)
  object space 84992K, 13% used [0x0000000084800000,0x00000000852ddcd0,0x0000000089b00000)
 Metaspace       used 16239K, capacity 16560K, committed 16896K, reserved 1064960K
  class space    used 1914K, capacity 2015K, committed 2048K, reserved 1048576K
Event: 124.929 GC heap after
Heap after GC invocations=7 (full 0):
 PSYoungGen      total 74240K, used 11248K [0x00000000d6d80000, 0x00000000e0380000, 0x0000000100000000)
  eden space 62976K, 0% used [0x00000000d6d80000,0x00000000d6d80000,0x00000000dab00000)
  from space 11264K, 99% used [0x00000000dab00000,0x00000000db5fc030,0x00000000db600000)
  to   space 13824K, 0% used [0x00000000df600000,0x00000000df600000,0x00000000e0380000)
 ParOldGen       total 84992K, used 14098K [0x0000000084800000, 0x0000000089b00000, 0x00000000d6d80000)
  object space 84992K, 16% used [0x0000000084800000,0x00000000855c48c8,0x0000000089b00000)
 Metaspace       used 16239K, capacity 16560K, committed 16896K, reserved 1064960K
  class space    used 1914K, capacity 2015K, committed 2048K, reserved 1048576K
}
Event: 128.037 GC heap before
{Heap before GC invocations=8 (full 0):
 PSYoungGen      total 74240K, used 74224K [0x00000000d6d80000, 0x00000000e0380000, 0x0000000100000000)
  eden space 62976K, 100% used [0x00000000d6d80000,0x00000000dab00000,0x00000000dab00000)
  from space 11264K, 99% used [0x00000000dab00000,0x00000000db5fc030,0x00000000db600000)
  to   space 13824K, 0% used [0x00000000df600000,0x00000000df600000,0x00000000e0380000)
 ParOldGen       total 84992K, used 14098K [0x0000000084800000, 0x0000000089b00000, 0x00000000d6d80000)
  object space 84992K, 16% used [0x0000000084800000,0x00000000855c48c8,0x0000000089b00000)
 Metaspace       used 17453K, capacity 17774K, committed 18048K, reserved 1064960K
  class space    used 2026K, capacity 2120K, committed 2176K, reserved 1048576K
Event: 128.087 GC heap after
Heap after GC invocations=8 (full 0):
 PSYoungGen      total 138240K, used 12637K [0x00000000d6d80000, 0x00000000e0680000, 0x0000000100000000)
  eden space 124416K, 0% used [0x00000000d6d80000,0x00000000d6d80000,0x00000000de700000)
  from space 13824K, 91% used [0x00000000df600000,0x00000000e0257598,0x00000000e0380000)
  to   space 15360K, 0% used [0x00000000de700000,0x00000000de700000,0x00000000df600000)
 ParOldGen       total 84992K, used 16498K [0x0000000084800000, 0x0000000089b00000, 0x00000000d6d80000)
  object space 84992K, 19% used [0x0000000084800000,0x000000008581c8f8,0x0000000089b00000)
 Metaspace       used 17453K, capacity 17774K, committed 18048K, reserved 1064960K
  class space    used 2026K, capacity 2120K, committed 2176K, reserved 1048576K
}
Event: 151.940 GC heap before
{Heap before GC invocations=9 (full 0):
 PSYoungGen      total 138240K, used 109166K [0x00000000d6d80000, 0x00000000e0680000, 0x0000000100000000)
  eden space 124416K, 77% used [0x00000000d6d80000,0x00000000dcbc45b0,0x00000000de700000)
  from space 13824K, 91% used [0x00000000df600000,0x00000000e0257598,0x00000000e0380000)
  to   space 15360K, 0% used [0x00000000de700000,0x00000000de700000,0x00000000df600000)
 ParOldGen       total 84992K, used 16498K [0x0000000084800000, 0x0000000089b00000, 0x00000000d6d80000)
  object space 84992K, 19% used [0x0000000084800000,0x000000008581c8f8,0x0000000089b00000)
 Metaspace       used 20515K, capacity 21074K, committed 21248K, reserved 1069056K
  class space    used 2331K, capacity 2535K, committed 2560K, reserved 1048576K

